<?xml version="1.0" encoding="UTF-8"?>
<!-- Generated by org.testng.reporters.JUnitXMLReporter -->
<testsuite hostname="DESKTOP-ESA3J1T" ignored="0" name="Default test" tests="3" failures="0" timestamp="2020-11-29T11:04:15 EST" time="38.327" errors="0">
  <testcase name="bookWithQsmiles" time="0.012" classname="customerOrder.Base"/>
  <testcase name="changeLocation" time="3.051" classname="customerOrder.Base"/>
  <testcase name="doubleClickelement" time="13.669" classname="customerOrder.Base"/>
</testsuite> <!-- Default test -->
